2022-12-22T10:25:49.677+02:00  INFO 10836 --- [restartedMain] ua.ldv.server.ServerApplication    : Starting CrmserverApplication using Java 17.0.2 with PID 10836 (D:\Projects\crmserver\target\classes started by Fenix in D:\Projects\crmserver)
2022-12-22T10:25:49.696+02:00  INFO 10836 --- [restartedMain] ua.ldv.server.ServerApplication    : No active profile set, falling back to 1 default profile: "default"
2022-12-22T10:25:49.755+02:00  INFO 10836 --- [restartedMain] .e.DevToolsPropertyDefaultsPostProcessor : Devtools property defaults active! Set 'spring.devtools.add-properties' to 'false' to disable
2022-12-22T10:25:49.756+02:00  INFO 10836 --- [restartedMain] .e.DevToolsPropertyDefaultsPostProcessor : For additional web related logging consider setting the 'logging.level.web' property to 'DEBUG'
2022-12-22T10:25:50.698+02:00  INFO 10836 --- [restartedMain] .s.d.r.c.RepositoryConfigurationDelegate : Bootstrapping Spring Data JPA repositories in DEFAULT mode.
2022-12-22T10:25:50.773+02:00  INFO 10836 --- [restartedMain] .s.d.r.c.RepositoryConfigurationDelegate : Finished Spring Data repository scanning in 65 ms. Found 2 JPA repository interfaces.
2022-12-22T10:25:51.569+02:00  INFO 10836 --- [restartedMain] o.s.b.w.embedded.tomcat.TomcatWebServer  : Tomcat initialized with port(s): 8080 (http)
2022-12-22T10:25:51.584+02:00  INFO 10836 --- [restartedMain] o.apache.catalina.core.StandardService   : Starting service [Tomcat]
2022-12-22T10:25:51.584+02:00  INFO 10836 --- [restartedMain] o.apache.catalina.core.StandardEngine    : Starting Servlet engine: [Apache Tomcat/10.1.1]
2022-12-22T10:25:51.661+02:00  INFO 10836 --- [restartedMain] o.a.c.c.C.[Tomcat].[localhost].[/]       : Initializing Spring embedded WebApplicationContext
2022-12-22T10:25:51.662+02:00  INFO 10836 --- [restartedMain] w.s.c.ServletWebServerApplicationContext : Root WebApplicationContext: initialization completed in 1905 ms
2022-12-22T10:25:51.830+02:00  INFO 10836 --- [restartedMain] com.zaxxer.hikari.HikariDataSource       : HikariPool-1 - Starting...
2022-12-22T10:25:52.184+02:00  INFO 10836 --- [restartedMain] com.zaxxer.hikari.pool.HikariPool        : HikariPool-1 - Added connection org.postgresql.jdbc.PgConnection@3b966540
2022-12-22T10:25:52.186+02:00  INFO 10836 --- [restartedMain] com.zaxxer.hikari.HikariDataSource       : HikariPool-1 - Start completed.
2022-12-22T10:25:52.241+02:00  INFO 10836 --- [restartedMain] o.hibernate.jpa.internal.util.LogHelper  : HHH000204: Processing PersistenceUnitInfo [name: default]
2022-12-22T10:25:52.324+02:00  INFO 10836 --- [restartedMain] org.hibernate.Version                    : HHH000412: Hibernate ORM core version 6.1.5.Final
2022-12-22T10:25:52.575+02:00  WARN 10836 --- [restartedMain] org.hibernate.orm.deprecation            : HHH90000021: Encountered deprecated setting [javax.persistence.sharedCache.mode], use [jakarta.persistence.sharedCache.mode] instead
2022-12-22T10:25:52.743+02:00  INFO 10836 --- [restartedMain] SQL dialect                              : HHH000400: Using dialect: org.hibernate.dialect.PostgreSQLDialect
2022-12-22T10:25:53.800+02:00  INFO 10836 --- [restartedMain] o.h.e.t.j.p.i.JtaPlatformInitiator       : HHH000490: Using JtaPlatform implementation: [org.hibernate.engine.transaction.jta.platform.internal.NoJtaPlatform]
2022-12-22T10:25:53.811+02:00  INFO 10836 --- [restartedMain] j.LocalContainerEntityManagerFactoryBean : Initialized JPA EntityManagerFactory for persistence unit 'default'
2022-12-22T10:25:54.640+02:00  INFO 10836 --- [restartedMain] o.s.s.web.DefaultSecurityFilterChain     : Will secure any request with [org.springframework.security.web.session.DisableEncodeUrlFilter@5f221c5a, org.springframework.security.web.context.request.async.WebAsyncManagerIntegrationFilter@23391a31, org.springframework.security.web.context.SecurityContextHolderFilter@5c280663, org.springframework.security.web.header.HeaderWriterFilter@23bbf44b, org.springframework.web.filter.CorsFilter@7b565ef, org.springframework.security.web.authentication.logout.LogoutFilter@5cbc4b97, ua.ldv.server.config.security.jwt.AuthTokenFilter@5a34be89, org.springframework.security.web.authentication.www.BasicAuthenticationFilter@5e745275, org.springframework.security.web.savedrequest.RequestCacheAwareFilter@2bcc4713, org.springframework.security.web.servletapi.SecurityContextHolderAwareRequestFilter@63d286de, org.springframework.security.web.authentication.AnonymousAuthenticationFilter@30ae46d0, org.springframework.security.web.session.SessionManagementFilter@ccef6c4, org.springframework.security.web.access.ExceptionTranslationFilter@66153775, org.springframework.security.web.access.intercept.AuthorizationFilter@644b683e]
2022-12-22T10:25:54.869+02:00  INFO 10836 --- [restartedMain] o.s.b.d.a.OptionalLiveReloadServer       : LiveReload server is running on port 35729
2022-12-22T10:25:54.923+02:00  INFO 10836 --- [restartedMain] o.s.b.w.embedded.tomcat.TomcatWebServer  : Tomcat started on port(s): 8080 (http) with context path ''
2022-12-22T10:25:54.934+02:00  INFO 10836 --- [restartedMain] ua.ldv.server.ServerApplication    : Started CrmserverApplication in 5.809 seconds (process running for 7.255)
2022-12-22T10:26:07.173+02:00  INFO 10836 --- [SpringApplicationShutdownHook] j.LocalContainerEntityManagerFactoryBean : Closing JPA EntityManagerFactory for persistence unit 'default'
2022-12-22T10:26:07.176+02:00  INFO 10836 --- [SpringApplicationShutdownHook] com.zaxxer.hikari.HikariDataSource       : HikariPool-1 - Shutdown initiated...
2022-12-22T10:26:07.179+02:00  INFO 10836 --- [SpringApplicationShutdownHook] com.zaxxer.hikari.HikariDataSource       : HikariPool-1 - Shutdown completed.
2022-12-22T10:26:24.256+02:00  INFO 1468 --- [restartedMain] ua.ldv.server.ServerApplication    : Starting CrmserverApplication using Java 17.0.2 with PID 1468 (D:\Projects\crmserver\target\classes started by Fenix in D:\Projects\crmserver)
2022-12-22T10:26:24.258+02:00  INFO 1468 --- [restartedMain] ua.ldv.server.ServerApplication    : No active profile set, falling back to 1 default profile: "default"
2022-12-22T10:26:24.303+02:00  INFO 1468 --- [restartedMain] .e.DevToolsPropertyDefaultsPostProcessor : Devtools property defaults active! Set 'spring.devtools.add-properties' to 'false' to disable
2022-12-22T10:26:24.303+02:00  INFO 1468 --- [restartedMain] .e.DevToolsPropertyDefaultsPostProcessor : For additional web related logging consider setting the 'logging.level.web' property to 'DEBUG'
2022-12-22T10:26:24.974+02:00  INFO 1468 --- [restartedMain] .s.d.r.c.RepositoryConfigurationDelegate : Bootstrapping Spring Data JPA repositories in DEFAULT mode.
2022-12-22T10:26:25.039+02:00  INFO 1468 --- [restartedMain] .s.d.r.c.RepositoryConfigurationDelegate : Finished Spring Data repository scanning in 56 ms. Found 2 JPA repository interfaces.
2022-12-22T10:26:25.626+02:00  INFO 1468 --- [restartedMain] o.s.b.w.embedded.tomcat.TomcatWebServer  : Tomcat initialized with port(s): 8080 (http)
2022-12-22T10:26:25.635+02:00  INFO 1468 --- [restartedMain] o.apache.catalina.core.StandardService   : Starting service [Tomcat]
2022-12-22T10:26:25.635+02:00  INFO 1468 --- [restartedMain] o.apache.catalina.core.StandardEngine    : Starting Servlet engine: [Apache Tomcat/10.1.1]
2022-12-22T10:26:25.697+02:00  INFO 1468 --- [restartedMain] o.a.c.c.C.[Tomcat].[localhost].[/]       : Initializing Spring embedded WebApplicationContext
2022-12-22T10:26:25.697+02:00  INFO 1468 --- [restartedMain] w.s.c.ServletWebServerApplicationContext : Root WebApplicationContext: initialization completed in 1392 ms
2022-12-22T10:26:25.813+02:00  INFO 1468 --- [restartedMain] com.zaxxer.hikari.HikariDataSource       : HikariPool-1 - Starting...
2022-12-22T10:26:25.973+02:00  INFO 1468 --- [restartedMain] com.zaxxer.hikari.pool.HikariPool        : HikariPool-1 - Added connection org.postgresql.jdbc.PgConnection@5a0792d0
2022-12-22T10:26:25.975+02:00  INFO 1468 --- [restartedMain] com.zaxxer.hikari.HikariDataSource       : HikariPool-1 - Start completed.
2022-12-22T10:26:26.012+02:00  INFO 1468 --- [restartedMain] o.hibernate.jpa.internal.util.LogHelper  : HHH000204: Processing PersistenceUnitInfo [name: default]
2022-12-22T10:26:26.052+02:00  INFO 1468 --- [restartedMain] org.hibernate.Version                    : HHH000412: Hibernate ORM core version 6.1.5.Final
2022-12-22T10:26:26.213+02:00  WARN 1468 --- [restartedMain] org.hibernate.orm.deprecation            : HHH90000021: Encountered deprecated setting [javax.persistence.sharedCache.mode], use [jakarta.persistence.sharedCache.mode] instead
2022-12-22T10:26:26.364+02:00  INFO 1468 --- [restartedMain] SQL dialect                              : HHH000400: Using dialect: org.hibernate.dialect.PostgreSQLDialect
2022-12-22T10:26:27.334+02:00  INFO 1468 --- [restartedMain] o.h.e.t.j.p.i.JtaPlatformInitiator       : HHH000490: Using JtaPlatform implementation: [org.hibernate.engine.transaction.jta.platform.internal.NoJtaPlatform]
2022-12-22T10:26:27.344+02:00  INFO 1468 --- [restartedMain] j.LocalContainerEntityManagerFactoryBean : Initialized JPA EntityManagerFactory for persistence unit 'default'
2022-12-22T10:26:28.105+02:00  INFO 1468 --- [restartedMain] o.s.s.web.DefaultSecurityFilterChain     : Will secure any request with [org.springframework.security.web.session.DisableEncodeUrlFilter@6d9da6e7, org.springframework.security.web.context.request.async.WebAsyncManagerIntegrationFilter@6b064db7, org.springframework.security.web.context.SecurityContextHolderFilter@7f137ca7, org.springframework.security.web.header.HeaderWriterFilter@474cb49b, org.springframework.web.filter.CorsFilter@f2de407, org.springframework.security.web.authentication.logout.LogoutFilter@53b52f03, ua.ldv.server.config.security.jwt.AuthTokenFilter@25a69595, org.springframework.security.web.authentication.www.BasicAuthenticationFilter@2b45ab08, org.springframework.security.web.savedrequest.RequestCacheAwareFilter@1d2842b2, org.springframework.security.web.servletapi.SecurityContextHolderAwareRequestFilter@165d0b79, org.springframework.security.web.authentication.AnonymousAuthenticationFilter@464aff21, org.springframework.security.web.session.SessionManagementFilter@72493a41, org.springframework.security.web.access.ExceptionTranslationFilter@56a2529, org.springframework.security.web.access.intercept.AuthorizationFilter@532b9b64]
2022-12-22T10:26:28.332+02:00  INFO 1468 --- [restartedMain] o.s.b.d.a.OptionalLiveReloadServer       : LiveReload server is running on port 35729
2022-12-22T10:26:28.375+02:00  INFO 1468 --- [restartedMain] o.s.b.w.embedded.tomcat.TomcatWebServer  : Tomcat started on port(s): 8080 (http) with context path ''
2022-12-22T10:26:28.386+02:00  INFO 1468 --- [restartedMain] ua.ldv.server.ServerApplication    : Started CrmserverApplication in 4.567 seconds (process running for 5.342)
2022-12-22T10:27:24.316+02:00  INFO 1468 --- [http-nio-8080-exec-1] o.a.c.c.C.[Tomcat].[localhost].[/]       : Initializing Spring DispatcherServlet 'dispatcherServlet'
2022-12-22T10:27:24.317+02:00  INFO 1468 --- [http-nio-8080-exec-1] o.s.web.servlet.DispatcherServlet        : Initializing Servlet 'dispatcherServlet'
2022-12-22T10:27:24.318+02:00  INFO 1468 --- [http-nio-8080-exec-1] o.s.web.servlet.DispatcherServlet        : Completed initialization in 1 ms
2022-12-22T10:27:24.757+02:00 ERROR 1468 --- [http-nio-8080-exec-1] u.l.c.c.security.jwt.AuthEntryPointJwt   : Unauthorized error: Дані користувача некоректні
2022-12-22T10:29:28.324+02:00  INFO 1468 --- [SpringApplicationShutdownHook] j.LocalContainerEntityManagerFactoryBean : Closing JPA EntityManagerFactory for persistence unit 'default'
2022-12-22T10:29:28.329+02:00  INFO 1468 --- [SpringApplicationShutdownHook] com.zaxxer.hikari.HikariDataSource       : HikariPool-1 - Shutdown initiated...
2022-12-22T10:29:28.332+02:00  INFO 1468 --- [SpringApplicationShutdownHook] com.zaxxer.hikari.HikariDataSource       : HikariPool-1 - Shutdown completed.
2022-12-22T10:30:48.778+02:00  INFO 14272 --- [restartedMain] ua.ldv.server.ServerApplication    : Starting CrmserverApplication using Java 17.0.2 with PID 14272 (D:\Projects\crmserver\target\classes started by Fenix in D:\Projects\crmserver)
2022-12-22T10:30:48.781+02:00  INFO 14272 --- [restartedMain] ua.ldv.server.ServerApplication    : No active profile set, falling back to 1 default profile: "default"
2022-12-22T10:30:48.820+02:00  INFO 14272 --- [restartedMain] .e.DevToolsPropertyDefaultsPostProcessor : Devtools property defaults active! Set 'spring.devtools.add-properties' to 'false' to disable
2022-12-22T10:30:48.820+02:00  INFO 14272 --- [restartedMain] .e.DevToolsPropertyDefaultsPostProcessor : For additional web related logging consider setting the 'logging.level.web' property to 'DEBUG'
2022-12-22T10:30:49.495+02:00  INFO 14272 --- [restartedMain] .s.d.r.c.RepositoryConfigurationDelegate : Bootstrapping Spring Data JPA repositories in DEFAULT mode.
2022-12-22T10:30:49.558+02:00  INFO 14272 --- [restartedMain] .s.d.r.c.RepositoryConfigurationDelegate : Finished Spring Data repository scanning in 55 ms. Found 2 JPA repository interfaces.
2022-12-22T10:30:50.127+02:00  INFO 14272 --- [restartedMain] o.s.b.w.embedded.tomcat.TomcatWebServer  : Tomcat initialized with port(s): 8080 (http)
2022-12-22T10:30:50.136+02:00  INFO 14272 --- [restartedMain] o.apache.catalina.core.StandardService   : Starting service [Tomcat]
2022-12-22T10:30:50.136+02:00  INFO 14272 --- [restartedMain] o.apache.catalina.core.StandardEngine    : Starting Servlet engine: [Apache Tomcat/10.1.1]
2022-12-22T10:30:50.188+02:00  INFO 14272 --- [restartedMain] o.a.c.c.C.[Tomcat].[localhost].[/]       : Initializing Spring embedded WebApplicationContext
2022-12-22T10:30:50.188+02:00  INFO 14272 --- [restartedMain] w.s.c.ServletWebServerApplicationContext : Root WebApplicationContext: initialization completed in 1368 ms
2022-12-22T10:30:50.311+02:00  INFO 14272 --- [restartedMain] com.zaxxer.hikari.HikariDataSource       : HikariPool-1 - Starting...
2022-12-22T10:30:50.574+02:00  INFO 14272 --- [restartedMain] com.zaxxer.hikari.pool.HikariPool        : HikariPool-1 - Added connection org.postgresql.jdbc.PgConnection@5ae52bcc
2022-12-22T10:30:50.576+02:00  INFO 14272 --- [restartedMain] com.zaxxer.hikari.HikariDataSource       : HikariPool-1 - Start completed.
2022-12-22T10:30:50.610+02:00  INFO 14272 --- [restartedMain] o.hibernate.jpa.internal.util.LogHelper  : HHH000204: Processing PersistenceUnitInfo [name: default]
2022-12-22T10:30:50.652+02:00  INFO 14272 --- [restartedMain] org.hibernate.Version                    : HHH000412: Hibernate ORM core version 6.1.5.Final
2022-12-22T10:30:50.827+02:00  WARN 14272 --- [restartedMain] org.hibernate.orm.deprecation            : HHH90000021: Encountered deprecated setting [javax.persistence.sharedCache.mode], use [jakarta.persistence.sharedCache.mode] instead
2022-12-22T10:30:50.992+02:00  INFO 14272 --- [restartedMain] SQL dialect                              : HHH000400: Using dialect: org.hibernate.dialect.PostgreSQLDialect
2022-12-22T10:30:51.976+02:00  INFO 14272 --- [restartedMain] o.h.e.t.j.p.i.JtaPlatformInitiator       : HHH000490: Using JtaPlatform implementation: [org.hibernate.engine.transaction.jta.platform.internal.NoJtaPlatform]
2022-12-22T10:30:51.984+02:00  INFO 14272 --- [restartedMain] j.LocalContainerEntityManagerFactoryBean : Initialized JPA EntityManagerFactory for persistence unit 'default'
2022-12-22T10:30:52.744+02:00  INFO 14272 --- [restartedMain] o.s.s.web.DefaultSecurityFilterChain     : Will secure any request with [org.springframework.security.web.session.DisableEncodeUrlFilter@26825be1, org.springframework.security.web.context.request.async.WebAsyncManagerIntegrationFilter@60082b5c, org.springframework.security.web.context.SecurityContextHolderFilter@7dc525b8, org.springframework.security.web.header.HeaderWriterFilter@ac1a76c, org.springframework.web.filter.CorsFilter@5ed62439, org.springframework.security.web.authentication.logout.LogoutFilter@7fd58fd9, ua.ldv.server.config.security.jwt.AuthTokenFilter@56d0f56d, org.springframework.security.web.authentication.www.BasicAuthenticationFilter@32ce9055, org.springframework.security.web.savedrequest.RequestCacheAwareFilter@5b94b35, org.springframework.security.web.servletapi.SecurityContextHolderAwareRequestFilter@18ad22c2, org.springframework.security.web.authentication.AnonymousAuthenticationFilter@4d559903, org.springframework.security.web.session.SessionManagementFilter@55593e08, org.springframework.security.web.access.ExceptionTranslationFilter@3a9719e6, org.springframework.security.web.access.intercept.AuthorizationFilter@3643e1ea]
2022-12-22T10:30:52.977+02:00  INFO 14272 --- [restartedMain] o.s.b.d.a.OptionalLiveReloadServer       : LiveReload server is running on port 35729
2022-12-22T10:30:53.016+02:00  INFO 14272 --- [restartedMain] o.s.b.w.embedded.tomcat.TomcatWebServer  : Tomcat started on port(s): 8080 (http) with context path ''
2022-12-22T10:30:53.026+02:00  INFO 14272 --- [restartedMain] ua.ldv.server.ServerApplication    : Started CrmserverApplication in 4.713 seconds (process running for 5.438)
2022-12-22T10:30:56.444+02:00  INFO 14272 --- [http-nio-8080-exec-1] o.a.c.c.C.[Tomcat].[localhost].[/]       : Initializing Spring DispatcherServlet 'dispatcherServlet'
2022-12-22T10:30:56.444+02:00  INFO 14272 --- [http-nio-8080-exec-1] o.s.web.servlet.DispatcherServlet        : Initializing Servlet 'dispatcherServlet'
2022-12-22T10:30:56.445+02:00  INFO 14272 --- [http-nio-8080-exec-1] o.s.web.servlet.DispatcherServlet        : Completed initialization in 1 ms
2022-12-22T10:31:15.712+02:00 ERROR 14272 --- [http-nio-8080-exec-3] u.l.c.c.security.jwt.AuthEntryPointJwt   : Unauthorized error: Дані користувача некоректні
2022-12-22T10:35:01.952+02:00  WARN 14272 --- [HikariPool-1 housekeeper] com.zaxxer.hikari.pool.HikariPool        : HikariPool-1 - Thread starvation or clock leap detected (housekeeper delta=1m57s688ms830µs).
2022-12-22T10:36:10.745+02:00 ERROR 14272 --- [http-nio-8080-exec-6] u.l.c.c.security.jwt.AuthEntryPointJwt   : Unauthorized error: Дані користувача некоректні
2022-12-22T10:59:13.225+02:00  INFO 14272 --- [SpringApplicationShutdownHook] j.LocalContainerEntityManagerFactoryBean : Closing JPA EntityManagerFactory for persistence unit 'default'
2022-12-22T10:59:13.228+02:00  INFO 14272 --- [SpringApplicationShutdownHook] com.zaxxer.hikari.HikariDataSource       : HikariPool-1 - Shutdown initiated...
2022-12-22T10:59:13.232+02:00  INFO 14272 --- [SpringApplicationShutdownHook] com.zaxxer.hikari.HikariDataSource       : HikariPool-1 - Shutdown completed.
2022-12-22T10:59:19.883+02:00  INFO 15756 --- [restartedMain] ua.ldv.server.ServerApplication    : Starting CrmserverApplication using Java 17.0.2 with PID 15756 (D:\Projects\crmserver\target\classes started by Fenix in D:\Projects\crmserver)
2022-12-22T10:59:19.886+02:00  INFO 15756 --- [restartedMain] ua.ldv.server.ServerApplication    : No active profile set, falling back to 1 default profile: "default"
2022-12-22T10:59:19.935+02:00  INFO 15756 --- [restartedMain] .e.DevToolsPropertyDefaultsPostProcessor : Devtools property defaults active! Set 'spring.devtools.add-properties' to 'false' to disable
2022-12-22T10:59:19.935+02:00  INFO 15756 --- [restartedMain] .e.DevToolsPropertyDefaultsPostProcessor : For additional web related logging consider setting the 'logging.level.web' property to 'DEBUG'
2022-12-22T10:59:20.621+02:00  INFO 15756 --- [restartedMain] .s.d.r.c.RepositoryConfigurationDelegate : Bootstrapping Spring Data JPA repositories in DEFAULT mode.
2022-12-22T10:59:20.688+02:00  INFO 15756 --- [restartedMain] .s.d.r.c.RepositoryConfigurationDelegate : Finished Spring Data repository scanning in 60 ms. Found 2 JPA repository interfaces.
2022-12-22T10:59:21.279+02:00  INFO 15756 --- [restartedMain] o.s.b.w.embedded.tomcat.TomcatWebServer  : Tomcat initialized with port(s): 8080 (http)
2022-12-22T10:59:21.289+02:00  INFO 15756 --- [restartedMain] o.apache.catalina.core.StandardService   : Starting service [Tomcat]
2022-12-22T10:59:21.289+02:00  INFO 15756 --- [restartedMain] o.apache.catalina.core.StandardEngine    : Starting Servlet engine: [Apache Tomcat/10.1.1]
2022-12-22T10:59:21.342+02:00  INFO 15756 --- [restartedMain] o.a.c.c.C.[Tomcat].[localhost].[/]       : Initializing Spring embedded WebApplicationContext
2022-12-22T10:59:21.342+02:00  INFO 15756 --- [restartedMain] w.s.c.ServletWebServerApplicationContext : Root WebApplicationContext: initialization completed in 1407 ms
2022-12-22T10:59:21.462+02:00  INFO 15756 --- [restartedMain] com.zaxxer.hikari.HikariDataSource       : HikariPool-1 - Starting...
2022-12-22T10:59:21.624+02:00  INFO 15756 --- [restartedMain] com.zaxxer.hikari.pool.HikariPool        : HikariPool-1 - Added connection org.postgresql.jdbc.PgConnection@19a34a9c
2022-12-22T10:59:21.627+02:00  INFO 15756 --- [restartedMain] com.zaxxer.hikari.HikariDataSource       : HikariPool-1 - Start completed.
2022-12-22T10:59:21.660+02:00  INFO 15756 --- [restartedMain] o.hibernate.jpa.internal.util.LogHelper  : HHH000204: Processing PersistenceUnitInfo [name: default]
2022-12-22T10:59:21.700+02:00  INFO 15756 --- [restartedMain] org.hibernate.Version                    : HHH000412: Hibernate ORM core version 6.1.5.Final
2022-12-22T10:59:21.856+02:00  WARN 15756 --- [restartedMain] org.hibernate.orm.deprecation            : HHH90000021: Encountered deprecated setting [javax.persistence.sharedCache.mode], use [jakarta.persistence.sharedCache.mode] instead
2022-12-22T10:59:21.985+02:00  INFO 15756 --- [restartedMain] SQL dialect                              : HHH000400: Using dialect: org.hibernate.dialect.PostgreSQLDialect
2022-12-22T10:59:22.867+02:00  INFO 15756 --- [restartedMain] o.h.e.t.j.p.i.JtaPlatformInitiator       : HHH000490: Using JtaPlatform implementation: [org.hibernate.engine.transaction.jta.platform.internal.NoJtaPlatform]
2022-12-22T10:59:22.874+02:00  INFO 15756 --- [restartedMain] j.LocalContainerEntityManagerFactoryBean : Initialized JPA EntityManagerFactory for persistence unit 'default'
2022-12-22T10:59:23.634+02:00  INFO 15756 --- [restartedMain] o.s.s.web.DefaultSecurityFilterChain     : Will secure any request with [org.springframework.security.web.session.DisableEncodeUrlFilter@4e8859a7, org.springframework.security.web.context.request.async.WebAsyncManagerIntegrationFilter@6938ff1a, org.springframework.security.web.context.SecurityContextHolderFilter@11821f0b, org.springframework.security.web.header.HeaderWriterFilter@5cfe5684, org.springframework.web.filter.CorsFilter@461b76c, org.springframework.security.web.authentication.logout.LogoutFilter@70354fbd, ua.ldv.server.config.security.jwt.AuthTokenFilter@1cc65808, org.springframework.security.web.authentication.www.BasicAuthenticationFilter@2fd118d4, org.springframework.security.web.savedrequest.RequestCacheAwareFilter@2a7a53bc, org.springframework.security.web.servletapi.SecurityContextHolderAwareRequestFilter@4cacc168, org.springframework.security.web.authentication.AnonymousAuthenticationFilter@4ac31206, org.springframework.security.web.session.SessionManagementFilter@3d30099a, org.springframework.security.web.access.ExceptionTranslationFilter@4aecb692, org.springframework.security.web.access.intercept.AuthorizationFilter@4df86bd6]
2022-12-22T10:59:23.857+02:00  INFO 15756 --- [restartedMain] o.s.b.d.a.OptionalLiveReloadServer       : LiveReload server is running on port 35729
2022-12-22T10:59:23.908+02:00  INFO 15756 --- [restartedMain] o.s.b.w.embedded.tomcat.TomcatWebServer  : Tomcat started on port(s): 8080 (http) with context path ''
2022-12-22T10:59:23.917+02:00  INFO 15756 --- [restartedMain] ua.ldv.server.ServerApplication    : Started CrmserverApplication in 4.483 seconds (process running for 5.163)
2022-12-22T10:59:39.562+02:00  INFO 15756 --- [http-nio-8080-exec-3] o.a.c.c.C.[Tomcat].[localhost].[/]       : Initializing Spring DispatcherServlet 'dispatcherServlet'
2022-12-22T10:59:39.562+02:00  INFO 15756 --- [http-nio-8080-exec-3] o.s.web.servlet.DispatcherServlet        : Initializing Servlet 'dispatcherServlet'
2022-12-22T10:59:39.563+02:00  INFO 15756 --- [http-nio-8080-exec-3] o.s.web.servlet.DispatcherServlet        : Completed initialization in 1 ms
2022-12-22T10:59:39.967+02:00 ERROR 15756 --- [http-nio-8080-exec-3] u.l.c.c.security.jwt.AuthEntryPointJwt   : Unauthorized error: Дані користувача некоректні
2022-12-22T10:59:54.354+02:00 ERROR 15756 --- [http-nio-8080-exec-2] u.l.c.c.security.jwt.AuthEntryPointJwt   : Unauthorized error: Дані користувача некоректні
2022-12-22T10:59:58.542+02:00 ERROR 15756 --- [http-nio-8080-exec-5] u.l.c.c.security.jwt.AuthEntryPointJwt   : Unauthorized error: Дані користувача некоректні
2022-12-22T11:06:43.081+02:00  INFO 15756 --- [SpringApplicationShutdownHook] j.LocalContainerEntityManagerFactoryBean : Closing JPA EntityManagerFactory for persistence unit 'default'
2022-12-22T11:06:43.083+02:00  INFO 15756 --- [SpringApplicationShutdownHook] com.zaxxer.hikari.HikariDataSource       : HikariPool-1 - Shutdown initiated...
2022-12-22T11:06:43.087+02:00  INFO 15756 --- [SpringApplicationShutdownHook] com.zaxxer.hikari.HikariDataSource       : HikariPool-1 - Shutdown completed.
2022-12-22T11:06:45.875+02:00  INFO 2576 --- [restartedMain] ua.ldv.server.ServerApplication    : Starting CrmserverApplication using Java 17.0.2 with PID 2576 (D:\Projects\crmserver\target\classes started by Fenix in D:\Projects\crmserver)
2022-12-22T11:06:45.878+02:00  INFO 2576 --- [restartedMain] ua.ldv.server.ServerApplication    : No active profile set, falling back to 1 default profile: "default"
2022-12-22T11:06:45.924+02:00  INFO 2576 --- [restartedMain] .e.DevToolsPropertyDefaultsPostProcessor : Devtools property defaults active! Set 'spring.devtools.add-properties' to 'false' to disable
2022-12-22T11:06:45.924+02:00  INFO 2576 --- [restartedMain] .e.DevToolsPropertyDefaultsPostProcessor : For additional web related logging consider setting the 'logging.level.web' property to 'DEBUG'
2022-12-22T11:06:46.600+02:00  INFO 2576 --- [restartedMain] .s.d.r.c.RepositoryConfigurationDelegate : Bootstrapping Spring Data JPA repositories in DEFAULT mode.
2022-12-22T11:06:46.664+02:00  INFO 2576 --- [restartedMain] .s.d.r.c.RepositoryConfigurationDelegate : Finished Spring Data repository scanning in 57 ms. Found 2 JPA repository interfaces.
2022-12-22T11:06:47.242+02:00  INFO 2576 --- [restartedMain] o.s.b.w.embedded.tomcat.TomcatWebServer  : Tomcat initialized with port(s): 8080 (http)
2022-12-22T11:06:47.250+02:00  INFO 2576 --- [restartedMain] o.apache.catalina.core.StandardService   : Starting service [Tomcat]
2022-12-22T11:06:47.251+02:00  INFO 2576 --- [restartedMain] o.apache.catalina.core.StandardEngine    : Starting Servlet engine: [Apache Tomcat/10.1.1]
2022-12-22T11:06:47.312+02:00  INFO 2576 --- [restartedMain] o.a.c.c.C.[Tomcat].[localhost].[/]       : Initializing Spring embedded WebApplicationContext
2022-12-22T11:06:47.313+02:00  INFO 2576 --- [restartedMain] w.s.c.ServletWebServerApplicationContext : Root WebApplicationContext: initialization completed in 1388 ms
2022-12-22T11:06:47.434+02:00  INFO 2576 --- [restartedMain] com.zaxxer.hikari.HikariDataSource       : HikariPool-1 - Starting...
2022-12-22T11:06:47.584+02:00  INFO 2576 --- [restartedMain] com.zaxxer.hikari.pool.HikariPool        : HikariPool-1 - Added connection org.postgresql.jdbc.PgConnection@7065b04
2022-12-22T11:06:47.587+02:00  INFO 2576 --- [restartedMain] com.zaxxer.hikari.HikariDataSource       : HikariPool-1 - Start completed.
2022-12-22T11:06:47.622+02:00  INFO 2576 --- [restartedMain] o.hibernate.jpa.internal.util.LogHelper  : HHH000204: Processing PersistenceUnitInfo [name: default]
2022-12-22T11:06:47.660+02:00  INFO 2576 --- [restartedMain] org.hibernate.Version                    : HHH000412: Hibernate ORM core version 6.1.5.Final
2022-12-22T11:06:47.808+02:00  WARN 2576 --- [restartedMain] org.hibernate.orm.deprecation            : HHH90000021: Encountered deprecated setting [javax.persistence.sharedCache.mode], use [jakarta.persistence.sharedCache.mode] instead
2022-12-22T11:06:47.928+02:00  INFO 2576 --- [restartedMain] SQL dialect                              : HHH000400: Using dialect: org.hibernate.dialect.PostgreSQLDialect
2022-12-22T11:06:48.801+02:00  INFO 2576 --- [restartedMain] o.h.e.t.j.p.i.JtaPlatformInitiator       : HHH000490: Using JtaPlatform implementation: [org.hibernate.engine.transaction.jta.platform.internal.NoJtaPlatform]
2022-12-22T11:06:48.811+02:00  INFO 2576 --- [restartedMain] j.LocalContainerEntityManagerFactoryBean : Initialized JPA EntityManagerFactory for persistence unit 'default'
2022-12-22T11:06:49.540+02:00  INFO 2576 --- [restartedMain] o.s.s.web.DefaultSecurityFilterChain     : Will secure any request with [org.springframework.security.web.session.DisableEncodeUrlFilter@54de47e8, org.springframework.security.web.context.request.async.WebAsyncManagerIntegrationFilter@6fa97f07, org.springframework.security.web.context.SecurityContextHolderFilter@6e740385, org.springframework.security.web.header.HeaderWriterFilter@5d25294f, org.springframework.web.filter.CorsFilter@505afcd7, org.springframework.security.web.authentication.logout.LogoutFilter@20a633a0, ua.ldv.server.config.security.jwt.AuthTokenFilter@96dc581, org.springframework.security.web.authentication.www.BasicAuthenticationFilter@7eb8ae8a, org.springframework.security.web.savedrequest.RequestCacheAwareFilter@44ed3252, org.springframework.security.web.servletapi.SecurityContextHolderAwareRequestFilter@2457a201, org.springframework.security.web.authentication.AnonymousAuthenticationFilter@2cf1dd22, org.springframework.security.web.session.SessionManagementFilter@7396cf8a, org.springframework.security.web.access.ExceptionTranslationFilter@68c0cd8b, org.springframework.security.web.access.intercept.AuthorizationFilter@48d864da]
2022-12-22T11:06:49.773+02:00  INFO 2576 --- [restartedMain] o.s.b.d.a.OptionalLiveReloadServer       : LiveReload server is running on port 35729
2022-12-22T11:06:49.812+02:00  INFO 2576 --- [restartedMain] o.s.b.w.embedded.tomcat.TomcatWebServer  : Tomcat started on port(s): 8080 (http) with context path ''
2022-12-22T11:06:49.821+02:00  INFO 2576 --- [restartedMain] ua.ldv.server.ServerApplication    : Started CrmserverApplication in 4.373 seconds (process running for 5.109)
2022-12-22T11:06:55.436+02:00  INFO 2576 --- [http-nio-8080-exec-3] o.a.c.c.C.[Tomcat].[localhost].[/]       : Initializing Spring DispatcherServlet 'dispatcherServlet'
2022-12-22T11:06:55.436+02:00  INFO 2576 --- [http-nio-8080-exec-3] o.s.web.servlet.DispatcherServlet        : Initializing Servlet 'dispatcherServlet'
2022-12-22T11:06:55.437+02:00  INFO 2576 --- [http-nio-8080-exec-3] o.s.web.servlet.DispatcherServlet        : Completed initialization in 1 ms
2022-12-22T11:06:55.801+02:00 ERROR 2576 --- [http-nio-8080-exec-3] u.l.c.c.security.jwt.AuthEntryPointJwt   : Unauthorized error: Дані користувача некоректні
2022-12-22T11:07:06.273+02:00 ERROR 2576 --- [http-nio-8080-exec-5] u.l.c.c.security.jwt.AuthEntryPointJwt   : Unauthorized error: Дані користувача некоректні
2022-12-22T11:07:29.429+02:00  INFO 2576 --- [SpringApplicationShutdownHook] j.LocalContainerEntityManagerFactoryBean : Closing JPA EntityManagerFactory for persistence unit 'default'
2022-12-22T11:07:29.432+02:00  INFO 2576 --- [SpringApplicationShutdownHook] com.zaxxer.hikari.HikariDataSource       : HikariPool-1 - Shutdown initiated...
2022-12-22T11:07:29.432+02:00  INFO 2576 --- [SpringApplicationShutdownHook] com.zaxxer.hikari.HikariDataSource       : HikariPool-1 - Shutdown completed.
2022-12-22T11:10:54.487+02:00  INFO 5552 --- [restartedMain] ua.ldv.server.ServerApplication    : Starting CrmserverApplication using Java 17.0.2 with PID 5552 (D:\Projects\crmserver\target\classes started by Fenix in D:\Projects\crmserver)
2022-12-22T11:10:54.490+02:00  INFO 5552 --- [restartedMain] ua.ldv.server.ServerApplication    : No active profile set, falling back to 1 default profile: "default"
2022-12-22T11:10:54.542+02:00  INFO 5552 --- [restartedMain] .e.DevToolsPropertyDefaultsPostProcessor : Devtools property defaults active! Set 'spring.devtools.add-properties' to 'false' to disable
2022-12-22T11:10:54.542+02:00  INFO 5552 --- [restartedMain] .e.DevToolsPropertyDefaultsPostProcessor : For additional web related logging consider setting the 'logging.level.web' property to 'DEBUG'
2022-12-22T11:10:55.206+02:00  INFO 5552 --- [restartedMain] .s.d.r.c.RepositoryConfigurationDelegate : Bootstrapping Spring Data JPA repositories in DEFAULT mode.
2022-12-22T11:10:55.269+02:00  INFO 5552 --- [restartedMain] .s.d.r.c.RepositoryConfigurationDelegate : Finished Spring Data repository scanning in 56 ms. Found 2 JPA repository interfaces.
2022-12-22T11:10:55.850+02:00  INFO 5552 --- [restartedMain] o.s.b.w.embedded.tomcat.TomcatWebServer  : Tomcat initialized with port(s): 8080 (http)
2022-12-22T11:10:55.859+02:00  INFO 5552 --- [restartedMain] o.apache.catalina.core.StandardService   : Starting service [Tomcat]
2022-12-22T11:10:55.859+02:00  INFO 5552 --- [restartedMain] o.apache.catalina.core.StandardEngine    : Starting Servlet engine: [Apache Tomcat/10.1.1]
2022-12-22T11:10:55.918+02:00  INFO 5552 --- [restartedMain] o.a.c.c.C.[Tomcat].[localhost].[/]       : Initializing Spring embedded WebApplicationContext
2022-12-22T11:10:55.919+02:00  INFO 5552 --- [restartedMain] w.s.c.ServletWebServerApplicationContext : Root WebApplicationContext: initialization completed in 1376 ms
2022-12-22T11:10:56.044+02:00  INFO 5552 --- [restartedMain] com.zaxxer.hikari.HikariDataSource       : HikariPool-1 - Starting...
2022-12-22T11:10:56.207+02:00  INFO 5552 --- [restartedMain] com.zaxxer.hikari.pool.HikariPool        : HikariPool-1 - Added connection org.postgresql.jdbc.PgConnection@7065b04
2022-12-22T11:10:56.209+02:00  INFO 5552 --- [restartedMain] com.zaxxer.hikari.HikariDataSource       : HikariPool-1 - Start completed.
2022-12-22T11:10:56.244+02:00  INFO 5552 --- [restartedMain] o.hibernate.jpa.internal.util.LogHelper  : HHH000204: Processing PersistenceUnitInfo [name: default]
2022-12-22T11:10:56.282+02:00  INFO 5552 --- [restartedMain] org.hibernate.Version                    : HHH000412: Hibernate ORM core version 6.1.5.Final
2022-12-22T11:10:56.433+02:00  WARN 5552 --- [restartedMain] org.hibernate.orm.deprecation            : HHH90000021: Encountered deprecated setting [javax.persistence.sharedCache.mode], use [jakarta.persistence.sharedCache.mode] instead
2022-12-22T11:10:56.580+02:00  INFO 5552 --- [restartedMain] SQL dialect                              : HHH000400: Using dialect: org.hibernate.dialect.PostgreSQLDialect
2022-12-22T11:10:57.442+02:00  INFO 5552 --- [restartedMain] o.h.e.t.j.p.i.JtaPlatformInitiator       : HHH000490: Using JtaPlatform implementation: [org.hibernate.engine.transaction.jta.platform.internal.NoJtaPlatform]
2022-12-22T11:10:57.450+02:00  INFO 5552 --- [restartedMain] j.LocalContainerEntityManagerFactoryBean : Initialized JPA EntityManagerFactory for persistence unit 'default'
2022-12-22T11:10:58.181+02:00  INFO 5552 --- [restartedMain] o.s.s.web.DefaultSecurityFilterChain     : Will secure any request with [org.springframework.security.web.session.DisableEncodeUrlFilter@10f07145, org.springframework.security.web.context.request.async.WebAsyncManagerIntegrationFilter@7eb8ae8a, org.springframework.security.web.context.SecurityContextHolderFilter@6cd676e6, org.springframework.security.web.header.HeaderWriterFilter@59761361, org.springframework.web.filter.CorsFilter@409fea77, org.springframework.security.web.authentication.logout.LogoutFilter@56a2529, ua.ldv.server.config.security.jwt.AuthTokenFilter@96dc581, org.springframework.security.web.authentication.www.BasicAuthenticationFilter@137fab2a, org.springframework.security.web.savedrequest.RequestCacheAwareFilter@5b7695e2, org.springframework.security.web.servletapi.SecurityContextHolderAwareRequestFilter@31ca321c, org.springframework.security.web.authentication.AnonymousAuthenticationFilter@47377c12, org.springframework.security.web.session.SessionManagementFilter@2747031d, org.springframework.security.web.access.ExceptionTranslationFilter@388fbbd3, org.springframework.security.web.access.intercept.AuthorizationFilter@7b2d06c6]
2022-12-22T11:10:58.403+02:00  INFO 5552 --- [restartedMain] o.s.b.d.a.OptionalLiveReloadServer       : LiveReload server is running on port 35729
2022-12-22T11:10:58.456+02:00  INFO 5552 --- [restartedMain] o.s.b.w.embedded.tomcat.TomcatWebServer  : Tomcat started on port(s): 8080 (http) with context path ''
2022-12-22T11:10:58.465+02:00  INFO 5552 --- [restartedMain] ua.ldv.server.ServerApplication    : Started CrmserverApplication in 4.41 seconds (process running for 5.086)
2022-12-22T11:11:01.458+02:00  INFO 5552 --- [http-nio-8080-exec-2] o.a.c.c.C.[Tomcat].[localhost].[/]       : Initializing Spring DispatcherServlet 'dispatcherServlet'
2022-12-22T11:11:01.458+02:00  INFO 5552 --- [http-nio-8080-exec-2] o.s.web.servlet.DispatcherServlet        : Initializing Servlet 'dispatcherServlet'
2022-12-22T11:11:01.459+02:00  INFO 5552 --- [http-nio-8080-exec-2] o.s.web.servlet.DispatcherServlet        : Completed initialization in 1 ms
2022-12-22T11:11:20.370+02:00 ERROR 5552 --- [http-nio-8080-exec-4] u.l.c.c.security.jwt.AuthEntryPointJwt   : Unauthorized error: Дані користувача некоректні
2022-12-22T11:12:02.387+02:00  INFO 5552 --- [SpringApplicationShutdownHook] j.LocalContainerEntityManagerFactoryBean : Closing JPA EntityManagerFactory for persistence unit 'default'
2022-12-22T11:12:02.392+02:00  INFO 5552 --- [SpringApplicationShutdownHook] com.zaxxer.hikari.HikariDataSource       : HikariPool-1 - Shutdown initiated...
2022-12-22T11:12:02.392+02:00  INFO 5552 --- [SpringApplicationShutdownHook] com.zaxxer.hikari.HikariDataSource       : HikariPool-1 - Shutdown completed.
2022-12-22T11:46:53.220+02:00  INFO 6312 --- [restartedMain] ua.ldv.server.ServerApplication    : Starting CrmserverApplication using Java 17.0.2 with PID 6312 (D:\Projects\crmserver\target\classes started by Fenix in D:\Projects\crmserver)
2022-12-22T11:46:53.223+02:00  INFO 6312 --- [restartedMain] ua.ldv.server.ServerApplication    : No active profile set, falling back to 1 default profile: "default"
2022-12-22T11:46:53.279+02:00  INFO 6312 --- [restartedMain] .e.DevToolsPropertyDefaultsPostProcessor : Devtools property defaults active! Set 'spring.devtools.add-properties' to 'false' to disable
2022-12-22T11:46:53.279+02:00  INFO 6312 --- [restartedMain] .e.DevToolsPropertyDefaultsPostProcessor : For additional web related logging consider setting the 'logging.level.web' property to 'DEBUG'
2022-12-22T11:46:53.983+02:00  INFO 6312 --- [restartedMain] .s.d.r.c.RepositoryConfigurationDelegate : Bootstrapping Spring Data JPA repositories in DEFAULT mode.
2022-12-22T11:46:54.062+02:00  INFO 6312 --- [restartedMain] .s.d.r.c.RepositoryConfigurationDelegate : Finished Spring Data repository scanning in 68 ms. Found 2 JPA repository interfaces.
2022-12-22T11:46:54.674+02:00  INFO 6312 --- [restartedMain] o.s.b.w.embedded.tomcat.TomcatWebServer  : Tomcat initialized with port(s): 8080 (http)
2022-12-22T11:46:54.683+02:00  INFO 6312 --- [restartedMain] o.apache.catalina.core.StandardService   : Starting service [Tomcat]
2022-12-22T11:46:54.683+02:00  INFO 6312 --- [restartedMain] o.apache.catalina.core.StandardEngine    : Starting Servlet engine: [Apache Tomcat/10.1.1]
2022-12-22T11:46:54.737+02:00  INFO 6312 --- [restartedMain] o.a.c.c.C.[Tomcat].[localhost].[/]       : Initializing Spring embedded WebApplicationContext
2022-12-22T11:46:54.738+02:00  INFO 6312 --- [restartedMain] w.s.c.ServletWebServerApplicationContext : Root WebApplicationContext: initialization completed in 1457 ms
2022-12-22T11:46:54.861+02:00  INFO 6312 --- [restartedMain] com.zaxxer.hikari.HikariDataSource       : HikariPool-1 - Starting...
2022-12-22T11:46:55.018+02:00  INFO 6312 --- [restartedMain] com.zaxxer.hikari.pool.HikariPool        : HikariPool-1 - Added connection org.postgresql.jdbc.PgConnection@134fe6f4
2022-12-22T11:46:55.021+02:00  INFO 6312 --- [restartedMain] com.zaxxer.hikari.HikariDataSource       : HikariPool-1 - Start completed.
2022-12-22T11:46:55.055+02:00  INFO 6312 --- [restartedMain] o.hibernate.jpa.internal.util.LogHelper  : HHH000204: Processing PersistenceUnitInfo [name: default]
2022-12-22T11:46:55.101+02:00  INFO 6312 --- [restartedMain] org.hibernate.Version                    : HHH000412: Hibernate ORM core version 6.1.5.Final
2022-12-22T11:46:55.257+02:00  WARN 6312 --- [restartedMain] org.hibernate.orm.deprecation            : HHH90000021: Encountered deprecated setting [javax.persistence.sharedCache.mode], use [jakarta.persistence.sharedCache.mode] instead
2022-12-22T11:46:55.390+02:00  INFO 6312 --- [restartedMain] SQL dialect                              : HHH000400: Using dialect: org.hibernate.dialect.PostgreSQLDialect
2022-12-22T11:46:56.315+02:00  INFO 6312 --- [restartedMain] o.h.e.t.j.p.i.JtaPlatformInitiator       : HHH000490: Using JtaPlatform implementation: [org.hibernate.engine.transaction.jta.platform.internal.NoJtaPlatform]
2022-12-22T11:46:56.326+02:00  INFO 6312 --- [restartedMain] j.LocalContainerEntityManagerFactoryBean : Initialized JPA EntityManagerFactory for persistence unit 'default'
2022-12-22T11:46:57.084+02:00  INFO 6312 --- [restartedMain] o.s.s.web.DefaultSecurityFilterChain     : Will secure any request with [org.springframework.security.web.session.DisableEncodeUrlFilter@7547a226, org.springframework.security.web.context.request.async.WebAsyncManagerIntegrationFilter@5c280663, org.springframework.security.web.context.SecurityContextHolderFilter@1cc59624, org.springframework.security.web.header.HeaderWriterFilter@7d2676b9, org.springframework.web.filter.CorsFilter@27aba3f4, org.springframework.security.web.authentication.logout.LogoutFilter@55593e08, ua.ldv.server.config.security.jwt.AuthTokenFilter@4536f28c, org.springframework.security.web.authentication.www.BasicAuthenticationFilter@1e66e401, org.springframework.security.web.savedrequest.RequestCacheAwareFilter@69334103, org.springframework.security.web.servletapi.SecurityContextHolderAwareRequestFilter@2cf07b43, org.springframework.security.web.authentication.AnonymousAuthenticationFilter@2bcc4713, org.springframework.security.web.session.SessionManagementFilter@1c2bf27d, org.springframework.security.web.access.ExceptionTranslationFilter@31cdd253, org.springframework.security.web.access.intercept.AuthorizationFilter@18856f68]
2022-12-22T11:46:57.361+02:00  INFO 6312 --- [restartedMain] o.s.b.d.a.OptionalLiveReloadServer       : LiveReload server is running on port 35729
2022-12-22T11:46:57.403+02:00  INFO 6312 --- [restartedMain] o.s.b.w.embedded.tomcat.TomcatWebServer  : Tomcat started on port(s): 8080 (http) with context path ''
2022-12-22T11:46:57.412+02:00  INFO 6312 --- [restartedMain] ua.ldv.server.ServerApplication    : Started CrmserverApplication in 4.62 seconds (process running for 5.94)
2022-12-22T11:47:08.732+02:00  INFO 6312 --- [SpringApplicationShutdownHook] j.LocalContainerEntityManagerFactoryBean : Closing JPA EntityManagerFactory for persistence unit 'default'
2022-12-22T11:47:08.736+02:00  INFO 6312 --- [SpringApplicationShutdownHook] com.zaxxer.hikari.HikariDataSource       : HikariPool-1 - Shutdown initiated...
2022-12-22T11:47:08.740+02:00  INFO 6312 --- [SpringApplicationShutdownHook] com.zaxxer.hikari.HikariDataSource       : HikariPool-1 - Shutdown completed.
2022-12-22T13:37:11.455+02:00  INFO 892 --- [restartedMain] ua.ldv.server.ServerApplication    : Starting CrmserverApplication using Java 17.0.2 with PID 892 (D:\Projects\crmserver\target\classes started by Fenix in D:\Projects\crmserver)
2022-12-22T13:37:11.458+02:00  INFO 892 --- [restartedMain] ua.ldv.server.ServerApplication    : No active profile set, falling back to 1 default profile: "default"
2022-12-22T13:37:11.504+02:00  INFO 892 --- [restartedMain] .e.DevToolsPropertyDefaultsPostProcessor : Devtools property defaults active! Set 'spring.devtools.add-properties' to 'false' to disable
2022-12-22T13:37:11.504+02:00  INFO 892 --- [restartedMain] .e.DevToolsPropertyDefaultsPostProcessor : For additional web related logging consider setting the 'logging.level.web' property to 'DEBUG'
2022-12-22T13:37:12.219+02:00  INFO 892 --- [restartedMain] .s.d.r.c.RepositoryConfigurationDelegate : Bootstrapping Spring Data JPA repositories in DEFAULT mode.
2022-12-22T13:37:12.283+02:00  INFO 892 --- [restartedMain] .s.d.r.c.RepositoryConfigurationDelegate : Finished Spring Data repository scanning in 55 ms. Found 2 JPA repository interfaces.
2022-12-22T13:37:12.872+02:00  INFO 892 --- [restartedMain] o.s.b.w.embedded.tomcat.TomcatWebServer  : Tomcat initialized with port(s): 8080 (http)
2022-12-22T13:37:12.881+02:00  INFO 892 --- [restartedMain] o.apache.catalina.core.StandardService   : Starting service [Tomcat]
2022-12-22T13:37:12.881+02:00  INFO 892 --- [restartedMain] o.apache.catalina.core.StandardEngine    : Starting Servlet engine: [Apache Tomcat/10.1.1]
2022-12-22T13:37:12.937+02:00  INFO 892 --- [restartedMain] o.a.c.c.C.[Tomcat].[localhost].[/]       : Initializing Spring embedded WebApplicationContext
2022-12-22T13:37:12.937+02:00  INFO 892 --- [restartedMain] w.s.c.ServletWebServerApplicationContext : Root WebApplicationContext: initialization completed in 1433 ms
2022-12-22T13:37:13.085+02:00  INFO 892 --- [restartedMain] com.zaxxer.hikari.HikariDataSource       : HikariPool-1 - Starting...
2022-12-22T13:37:13.248+02:00  INFO 892 --- [restartedMain] com.zaxxer.hikari.pool.HikariPool        : HikariPool-1 - Added connection org.postgresql.jdbc.PgConnection@2b1a1a2f
2022-12-22T13:37:13.250+02:00  INFO 892 --- [restartedMain] com.zaxxer.hikari.HikariDataSource       : HikariPool-1 - Start completed.
2022-12-22T13:37:13.286+02:00  INFO 892 --- [restartedMain] o.hibernate.jpa.internal.util.LogHelper  : HHH000204: Processing PersistenceUnitInfo [name: default]
2022-12-22T13:37:13.332+02:00  INFO 892 --- [restartedMain] org.hibernate.Version                    : HHH000412: Hibernate ORM core version 6.1.5.Final
2022-12-22T13:37:13.483+02:00  WARN 892 --- [restartedMain] org.hibernate.orm.deprecation            : HHH90000021: Encountered deprecated setting [javax.persistence.sharedCache.mode], use [jakarta.persistence.sharedCache.mode] instead
2022-12-22T13:37:13.605+02:00  INFO 892 --- [restartedMain] SQL dialect                              : HHH000400: Using dialect: org.hibernate.dialect.PostgreSQLDialect
2022-12-22T13:37:14.494+02:00  INFO 892 --- [restartedMain] o.h.e.t.j.p.i.JtaPlatformInitiator       : HHH000490: Using JtaPlatform implementation: [org.hibernate.engine.transaction.jta.platform.internal.NoJtaPlatform]
2022-12-22T13:37:14.502+02:00  INFO 892 --- [restartedMain] j.LocalContainerEntityManagerFactoryBean : Initialized JPA EntityManagerFactory for persistence unit 'default'
2022-12-22T13:37:15.234+02:00  INFO 892 --- [restartedMain] o.s.s.web.DefaultSecurityFilterChain     : Will secure any request with [org.springframework.security.web.session.DisableEncodeUrlFilter@3b04027b, org.springframework.security.web.context.request.async.WebAsyncManagerIntegrationFilter@39c06aa6, org.springframework.security.web.context.SecurityContextHolderFilter@505b61ce, org.springframework.security.web.header.HeaderWriterFilter@2520c569, org.springframework.web.filter.CorsFilter@5c1e9364, org.springframework.security.web.authentication.logout.LogoutFilter@502afd8, ua.ldv.server.config.security.jwt.AuthTokenFilter@78875859, org.springframework.security.web.authentication.www.BasicAuthenticationFilter@760e9904, org.springframework.security.web.savedrequest.RequestCacheAwareFilter@9533c27, org.springframework.security.web.servletapi.SecurityContextHolderAwareRequestFilter@47db614d, org.springframework.security.web.authentication.AnonymousAuthenticationFilter@6adc0a72, org.springframework.security.web.session.SessionManagementFilter@74a89059, org.springframework.security.web.access.ExceptionTranslationFilter@5b9859fa, org.springframework.security.web.access.intercept.AuthorizationFilter@605b8a8e]
2022-12-22T13:37:15.463+02:00  INFO 892 --- [restartedMain] o.s.b.d.a.OptionalLiveReloadServer       : LiveReload server is running on port 35729
2022-12-22T13:37:15.504+02:00  INFO 892 --- [restartedMain] o.s.b.w.embedded.tomcat.TomcatWebServer  : Tomcat started on port(s): 8080 (http) with context path ''
2022-12-22T13:37:15.515+02:00  INFO 892 --- [restartedMain] ua.ldv.server.ServerApplication    : Started CrmserverApplication in 4.449 seconds (process running for 5.759)
2022-12-22T13:37:56.295+02:00  INFO 892 --- [http-nio-8080-exec-1] o.a.c.c.C.[Tomcat].[localhost].[/]       : Initializing Spring DispatcherServlet 'dispatcherServlet'
2022-12-22T13:37:56.296+02:00  INFO 892 --- [http-nio-8080-exec-1] o.s.web.servlet.DispatcherServlet        : Initializing Servlet 'dispatcherServlet'
2022-12-22T13:37:56.297+02:00  INFO 892 --- [http-nio-8080-exec-1] o.s.web.servlet.DispatcherServlet        : Completed initialization in 0 ms
2022-12-22T13:37:56.676+02:00 ERROR 892 --- [http-nio-8080-exec-1] u.l.c.c.security.jwt.AuthEntryPointJwt   : Unauthorized error: Дані користувача некоректні
2022-12-22T13:40:13.163+02:00 ERROR 892 --- [http-nio-8080-exec-5] u.l.c.c.security.jwt.AuthEntryPointJwt   : Unauthorized error: Дані користувача некоректні
2022-12-22T13:40:21.219+02:00 ERROR 892 --- [http-nio-8080-exec-6] u.l.c.c.security.jwt.AuthEntryPointJwt   : Unauthorized error: Дані користувача некоректні
2022-12-22T13:45:19.154+02:00 ERROR 892 --- [http-nio-8080-exec-9] u.l.c.c.security.jwt.AuthEntryPointJwt   : Unauthorized error: Дані користувача некоректні
2022-12-22T13:46:16.577+02:00 ERROR 892 --- [http-nio-8080-exec-10] u.l.c.c.security.jwt.AuthEntryPointJwt   : Unauthorized error: Дані користувача некоректні
2022-12-22T13:46:56.642+02:00 ERROR 892 --- [http-nio-8080-exec-2] u.l.c.c.security.jwt.AuthEntryPointJwt   : Unauthorized error: Дані користувача некоректні
2022-12-22T14:08:03.668+02:00  WARN 892 --- [HikariPool-1 housekeeper] com.zaxxer.hikari.pool.HikariPool        : HikariPool-1 - Thread starvation or clock leap detected (housekeeper delta=14m5s541ms75µs).
2022-12-22T14:08:03.671+02:00 ERROR 892 --- [http-nio-8080-exec-4] u.l.c.c.security.jwt.AuthEntryPointJwt   : Unauthorized error: Дані користувача некоректні
2022-12-22T14:10:36.852+02:00 ERROR 892 --- [http-nio-8080-exec-7] u.l.c.c.security.jwt.AuthEntryPointJwt   : Unauthorized error: Дані користувача некоректні
2022-12-22T14:11:17.627+02:00 ERROR 892 --- [http-nio-8080-exec-8] u.l.c.c.security.jwt.AuthEntryPointJwt   : Unauthorized error: Дані користувача некоректні
2022-12-22T14:13:25.973+02:00  INFO 892 --- [SpringApplicationShutdownHook] j.LocalContainerEntityManagerFactoryBean : Closing JPA EntityManagerFactory for persistence unit 'default'
2022-12-22T14:13:25.977+02:00  INFO 892 --- [SpringApplicationShutdownHook] com.zaxxer.hikari.HikariDataSource       : HikariPool-1 - Shutdown initiated...
2022-12-22T14:13:25.979+02:00  INFO 892 --- [SpringApplicationShutdownHook] com.zaxxer.hikari.HikariDataSource       : HikariPool-1 - Shutdown completed.
2022-12-22T14:14:00.728+02:00  INFO 14748 --- [restartedMain] ua.ldv.server.ServerApplication    : Starting CrmserverApplication using Java 17.0.2 with PID 14748 (D:\Projects\crmserver\target\classes started by Fenix in D:\Projects\crmserver)
2022-12-22T14:14:00.730+02:00  INFO 14748 --- [restartedMain] ua.ldv.server.ServerApplication    : No active profile set, falling back to 1 default profile: "default"
2022-12-22T14:14:00.778+02:00  INFO 14748 --- [restartedMain] .e.DevToolsPropertyDefaultsPostProcessor : Devtools property defaults active! Set 'spring.devtools.add-properties' to 'false' to disable
2022-12-22T14:14:00.778+02:00  INFO 14748 --- [restartedMain] .e.DevToolsPropertyDefaultsPostProcessor : For additional web related logging consider setting the 'logging.level.web' property to 'DEBUG'
2022-12-22T14:14:01.445+02:00  INFO 14748 --- [restartedMain] .s.d.r.c.RepositoryConfigurationDelegate : Bootstrapping Spring Data JPA repositories in DEFAULT mode.
2022-12-22T14:14:01.508+02:00  INFO 14748 --- [restartedMain] .s.d.r.c.RepositoryConfigurationDelegate : Finished Spring Data repository scanning in 55 ms. Found 2 JPA repository interfaces.
2022-12-22T14:14:02.081+02:00  INFO 14748 --- [restartedMain] o.s.b.w.embedded.tomcat.TomcatWebServer  : Tomcat initialized with port(s): 8080 (http)
2022-12-22T14:14:02.090+02:00  INFO 14748 --- [restartedMain] o.apache.catalina.core.StandardService   : Starting service [Tomcat]
2022-12-22T14:14:02.091+02:00  INFO 14748 --- [restartedMain] o.apache.catalina.core.StandardEngine    : Starting Servlet engine: [Apache Tomcat/10.1.1]
2022-12-22T14:14:02.143+02:00  INFO 14748 --- [restartedMain] o.a.c.c.C.[Tomcat].[localhost].[/]       : Initializing Spring embedded WebApplicationContext
2022-12-22T14:14:02.144+02:00  INFO 14748 --- [restartedMain] w.s.c.ServletWebServerApplicationContext : Root WebApplicationContext: initialization completed in 1365 ms
2022-12-22T14:14:02.268+02:00  INFO 14748 --- [restartedMain] com.zaxxer.hikari.HikariDataSource       : HikariPool-1 - Starting...
2022-12-22T14:14:02.425+02:00  INFO 14748 --- [restartedMain] com.zaxxer.hikari.pool.HikariPool        : HikariPool-1 - Added connection org.postgresql.jdbc.PgConnection@39571284
2022-12-22T14:14:02.427+02:00  INFO 14748 --- [restartedMain] com.zaxxer.hikari.HikariDataSource       : HikariPool-1 - Start completed.
2022-12-22T14:14:02.464+02:00  INFO 14748 --- [restartedMain] o.hibernate.jpa.internal.util.LogHelper  : HHH000204: Processing PersistenceUnitInfo [name: default]
2022-12-22T14:14:02.505+02:00  INFO 14748 --- [restartedMain] org.hibernate.Version                    : HHH000412: Hibernate ORM core version 6.1.5.Final
2022-12-22T14:14:02.677+02:00  WARN 14748 --- [restartedMain] org.hibernate.orm.deprecation            : HHH90000021: Encountered deprecated setting [javax.persistence.sharedCache.mode], use [jakarta.persistence.sharedCache.mode] instead
2022-12-22T14:14:02.804+02:00  INFO 14748 --- [restartedMain] SQL dialect                              : HHH000400: Using dialect: org.hibernate.dialect.PostgreSQLDialect
2022-12-22T14:14:03.648+02:00  INFO 14748 --- [restartedMain] o.h.e.t.j.p.i.JtaPlatformInitiator       : HHH000490: Using JtaPlatform implementation: [org.hibernate.engine.transaction.jta.platform.internal.NoJtaPlatform]
2022-12-22T14:14:03.657+02:00  INFO 14748 --- [restartedMain] j.LocalContainerEntityManagerFactoryBean : Initialized JPA EntityManagerFactory for persistence unit 'default'
2022-12-22T14:14:04.386+02:00  INFO 14748 --- [restartedMain] o.s.s.web.DefaultSecurityFilterChain     : Will secure any request with [org.springframework.security.web.session.DisableEncodeUrlFilter@505afcd7, org.springframework.security.web.context.request.async.WebAsyncManagerIntegrationFilter@2cf1dd22, org.springframework.security.web.context.SecurityContextHolderFilter@44ed3252, org.springframework.security.web.header.HeaderWriterFilter@388fbbd3, org.springframework.web.filter.CorsFilter@ab62e53, org.springframework.security.web.authentication.logout.LogoutFilter@21bb4ddb, ua.ldv.server.config.security.jwt.AuthTokenFilter@22d7740c, org.springframework.security.web.authentication.www.BasicAuthenticationFilter@47377c12, org.springframework.security.web.savedrequest.RequestCacheAwareFilter@6af1e525, org.springframework.security.web.servletapi.SecurityContextHolderAwareRequestFilter@1a00f2ae, org.springframework.security.web.authentication.AnonymousAuthenticationFilter@2e433945, org.springframework.security.web.session.SessionManagementFilter@a8084f5, org.springframework.security.web.access.ExceptionTranslationFilter@24d9ab77, org.springframework.security.web.access.intercept.AuthorizationFilter@44b3da36]
2022-12-22T14:14:04.618+02:00  INFO 14748 --- [restartedMain] o.s.b.d.a.OptionalLiveReloadServer       : LiveReload server is running on port 35729
2022-12-22T14:14:04.659+02:00  INFO 14748 --- [restartedMain] o.s.b.w.embedded.tomcat.TomcatWebServer  : Tomcat started on port(s): 8080 (http) with context path ''
2022-12-22T14:14:04.669+02:00  INFO 14748 --- [restartedMain] ua.ldv.server.ServerApplication    : Started CrmserverApplication in 4.39 seconds (process running for 5.112)
2022-12-22T14:14:08.915+02:00  INFO 14748 --- [http-nio-8080-exec-1] o.a.c.c.C.[Tomcat].[localhost].[/]       : Initializing Spring DispatcherServlet 'dispatcherServlet'
2022-12-22T14:14:08.915+02:00  INFO 14748 --- [http-nio-8080-exec-1] o.s.web.servlet.DispatcherServlet        : Initializing Servlet 'dispatcherServlet'
2022-12-22T14:14:08.916+02:00  INFO 14748 --- [http-nio-8080-exec-1] o.s.web.servlet.DispatcherServlet        : Completed initialization in 1 ms
2022-12-22T14:14:19.635+02:00 ERROR 14748 --- [http-nio-8080-exec-8] u.l.c.c.security.jwt.AuthEntryPointJwt   : Unauthorized error: Дані користувача некоректні
2022-12-22T14:14:28.089+02:00  INFO 14748 --- [SpringApplicationShutdownHook] j.LocalContainerEntityManagerFactoryBean : Closing JPA EntityManagerFactory for persistence unit 'default'
2022-12-22T14:14:28.092+02:00  INFO 14748 --- [SpringApplicationShutdownHook] com.zaxxer.hikari.HikariDataSource       : HikariPool-1 - Shutdown initiated...
2022-12-22T14:14:28.094+02:00  INFO 14748 --- [SpringApplicationShutdownHook] com.zaxxer.hikari.HikariDataSource       : HikariPool-1 - Shutdown completed.
2022-12-22T14:15:36.155+02:00  INFO 15168 --- [restartedMain] ua.ldv.server.ServerApplication    : Starting CrmserverApplication using Java 17.0.2 with PID 15168 (D:\Projects\crmserver\target\classes started by Fenix in D:\Projects\crmserver)
2022-12-22T14:15:36.157+02:00  INFO 15168 --- [restartedMain] ua.ldv.server.ServerApplication    : No active profile set, falling back to 1 default profile: "default"
2022-12-22T14:15:36.206+02:00  INFO 15168 --- [restartedMain] .e.DevToolsPropertyDefaultsPostProcessor : Devtools property defaults active! Set 'spring.devtools.add-properties' to 'false' to disable
2022-12-22T14:15:36.206+02:00  INFO 15168 --- [restartedMain] .e.DevToolsPropertyDefaultsPostProcessor : For additional web related logging consider setting the 'logging.level.web' property to 'DEBUG'
2022-12-22T14:15:36.885+02:00  INFO 15168 --- [restartedMain] .s.d.r.c.RepositoryConfigurationDelegate : Bootstrapping Spring Data JPA repositories in DEFAULT mode.
2022-12-22T14:15:36.948+02:00  INFO 15168 --- [restartedMain] .s.d.r.c.RepositoryConfigurationDelegate : Finished Spring Data repository scanning in 57 ms. Found 2 JPA repository interfaces.
2022-12-22T14:15:37.535+02:00  INFO 15168 --- [restartedMain] o.s.b.w.embedded.tomcat.TomcatWebServer  : Tomcat initialized with port(s): 8080 (http)
2022-12-22T14:15:37.546+02:00  INFO 15168 --- [restartedMain] o.apache.catalina.core.StandardService   : Starting service [Tomcat]
2022-12-22T14:15:37.547+02:00  INFO 15168 --- [restartedMain] o.apache.catalina.core.StandardEngine    : Starting Servlet engine: [Apache Tomcat/10.1.1]
2022-12-22T14:15:37.597+02:00  INFO 15168 --- [restartedMain] o.a.c.c.C.[Tomcat].[localhost].[/]       : Initializing Spring embedded WebApplicationContext
2022-12-22T14:15:37.598+02:00  INFO 15168 --- [restartedMain] w.s.c.ServletWebServerApplicationContext : Root WebApplicationContext: initialization completed in 1391 ms
2022-12-22T14:15:37.725+02:00  INFO 15168 --- [restartedMain] com.zaxxer.hikari.HikariDataSource       : HikariPool-1 - Starting...
2022-12-22T14:15:37.884+02:00  INFO 15168 --- [restartedMain] com.zaxxer.hikari.pool.HikariPool        : HikariPool-1 - Added connection org.postgresql.jdbc.PgConnection@2f0c0d77
2022-12-22T14:15:37.886+02:00  INFO 15168 --- [restartedMain] com.zaxxer.hikari.HikariDataSource       : HikariPool-1 - Start completed.
2022-12-22T14:15:37.922+02:00  INFO 15168 --- [restartedMain] o.hibernate.jpa.internal.util.LogHelper  : HHH000204: Processing PersistenceUnitInfo [name: default]
2022-12-22T14:15:37.978+02:00  INFO 15168 --- [restartedMain] org.hibernate.Version                    : HHH000412: Hibernate ORM core version 6.1.5.Final
2022-12-22T14:15:38.139+02:00  WARN 15168 --- [restartedMain] org.hibernate.orm.deprecation            : HHH90000021: Encountered deprecated setting [javax.persistence.sharedCache.mode], use [jakarta.persistence.sharedCache.mode] instead
2022-12-22T14:15:38.262+02:00  INFO 15168 --- [restartedMain] SQL dialect                              : HHH000400: Using dialect: org.hibernate.dialect.PostgreSQLDialect
2022-12-22T14:15:39.107+02:00  INFO 15168 --- [restartedMain] o.h.e.t.j.p.i.JtaPlatformInitiator       : HHH000490: Using JtaPlatform implementation: [org.hibernate.engine.transaction.jta.platform.internal.NoJtaPlatform]
2022-12-22T14:15:39.116+02:00  INFO 15168 --- [restartedMain] j.LocalContainerEntityManagerFactoryBean : Initialized JPA EntityManagerFactory for persistence unit 'default'
2022-12-22T14:15:39.838+02:00  INFO 15168 --- [restartedMain] o.s.s.web.DefaultSecurityFilterChain     : Will secure any request with [org.springframework.security.web.session.DisableEncodeUrlFilter@2cf1dd22, org.springframework.security.web.context.request.async.WebAsyncManagerIntegrationFilter@ab62e53, org.springframework.security.web.context.SecurityContextHolderFilter@2457a201, org.springframework.security.web.header.HeaderWriterFilter@13b1b2e, org.springframework.web.filter.CorsFilter@2e433945, org.springframework.security.web.authentication.logout.LogoutFilter@5dede08d, ua.ldv.server.config.security.jwt.AuthTokenFilter@42801189, org.springframework.security.web.authentication.www.BasicAuthenticationFilter@54de47e8, org.springframework.security.web.savedrequest.RequestCacheAwareFilter@1a00f2ae, org.springframework.security.web.servletapi.SecurityContextHolderAwareRequestFilter@37d23c1e, org.springframework.security.web.authentication.AnonymousAuthenticationFilter@29f8d41e, org.springframework.security.web.session.SessionManagementFilter@6e740385, org.springframework.security.web.access.ExceptionTranslationFilter@55af9298, org.springframework.security.web.access.intercept.AuthorizationFilter@1d2842b2]
2022-12-22T14:15:40.063+02:00  INFO 15168 --- [restartedMain] o.s.b.d.a.OptionalLiveReloadServer       : LiveReload server is running on port 35729
2022-12-22T14:15:40.102+02:00  INFO 15168 --- [restartedMain] o.s.b.w.embedded.tomcat.TomcatWebServer  : Tomcat started on port(s): 8080 (http) with context path ''
2022-12-22T14:15:40.118+02:00  INFO 15168 --- [restartedMain] ua.ldv.server.ServerApplication    : Started CrmserverApplication in 4.377 seconds (process running for 5.066)
2022-12-22T14:15:48.480+02:00  INFO 15168 --- [SpringApplicationShutdownHook] j.LocalContainerEntityManagerFactoryBean : Closing JPA EntityManagerFactory for persistence unit 'default'
2022-12-22T14:15:48.483+02:00  INFO 15168 --- [SpringApplicationShutdownHook] com.zaxxer.hikari.HikariDataSource       : HikariPool-1 - Shutdown initiated...
2022-12-22T14:15:48.486+02:00  INFO 15168 --- [SpringApplicationShutdownHook] com.zaxxer.hikari.HikariDataSource       : HikariPool-1 - Shutdown completed.
